<?xml version="1.0" encoding="UTF-8"?>
<testng-results ignored="0" total="2" passed="2" failed="0" skipped="0">
  <reporter-output>
    <line>
      <![CDATA[Google]]>
    </line>
    <line>
      <![CDATA[Google]]>
    </line>
  </reporter-output>
  <suite started-at="2024-08-09T15:33:54Z" name="Suite" finished-at="2024-08-09T15:34:02Z" duration-ms="7508">
    <groups>
    </groups>
    <test started-at="2024-08-09T15:33:54Z" name="Test" finished-at="2024-08-09T15:34:02Z" duration-ms="7508">
      <class name="script.Demotest">
        <test-method is-config="true" signature="precondition(java.lang.String, java.lang.String, java.lang.String, java.lang.String)[pri:0, instance:script.Demotest@4da4253]" started-at="2024-08-09T15:33:54Z" name="precondition" finished-at="2024-08-09T15:33:58Z" duration-ms="4303" status="PASS">
          <params>
            <param index="0">
              <value>
                <![CDATA[chrome]]>
              </value>
            </param>
            <param index="1">
              <value>
                <![CDATA[http://www.google.com]]>
              </value>
            </param>
            <param index="2">
              <value>
                <![CDATA[10]]>
              </value>
            </param>
            <param index="3">
              <value>
                <![CDATA[7]]>
              </value>
            </param>
          </params>
          <reporter-output>
          </reporter-output>
        </test-method> <!-- precondition -->
        <test-method signature="testA()[pri:0, instance:script.Demotest@4da4253]" started-at="2024-08-09T15:33:58Z" name="testA" finished-at="2024-08-09T15:33:59Z" duration-ms="17" status="PASS">
          <reporter-output>
            <line>
              <![CDATA[Google]]>
            </line>
          </reporter-output>
        </test-method> <!-- testA -->
        <test-method is-config="true" signature="postcondition()[pri:0, instance:script.Demotest@4da4253]" started-at="2024-08-09T15:33:59Z" name="postcondition" finished-at="2024-08-09T15:33:59Z" duration-ms="157" status="PASS">
          <reporter-output>
          </reporter-output>
        </test-method> <!-- postcondition -->
      </class> <!-- script.Demotest -->
      <class name="script.Demotest2">
        <test-method is-config="true" signature="precondition(java.lang.String, java.lang.String, java.lang.String, java.lang.String)[pri:0, instance:script.Demotest2@3972a855]" started-at="2024-08-09T15:33:59Z" name="precondition" finished-at="2024-08-09T15:34:02Z" duration-ms="2836" status="PASS">
          <params>
            <param index="0">
              <value>
                <![CDATA[chrome]]>
              </value>
            </param>
            <param index="1">
              <value>
                <![CDATA[http://www.google.com]]>
              </value>
            </param>
            <param index="2">
              <value>
                <![CDATA[10]]>
              </value>
            </param>
            <param index="3">
              <value>
                <![CDATA[7]]>
              </value>
            </param>
          </params>
          <reporter-output>
          </reporter-output>
        </test-method> <!-- precondition -->
        <test-method signature="testB()[pri:0, instance:script.Demotest2@3972a855]" started-at="2024-08-09T15:34:02Z" name="testB" finished-at="2024-08-09T15:34:02Z" duration-ms="15" status="PASS">
          <reporter-output>
            <line>
              <![CDATA[Google]]>
            </line>
          </reporter-output>
        </test-method> <!-- testB -->
        <test-method is-config="true" signature="postcondition()[pri:0, instance:script.Demotest2@3972a855]" started-at="2024-08-09T15:34:02Z" name="postcondition" finished-at="2024-08-09T15:34:02Z" duration-ms="157" status="PASS">
          <reporter-output>
          </reporter-output>
        </test-method> <!-- postcondition -->
      </class> <!-- script.Demotest2 -->
    </test> <!-- Test -->
  </suite> <!-- Suite -->
</testng-results>
